<?xml version="1.0" encoding="UTF-8"?>
<robot generator="Robot 5.0.1 (Python 3.9.13 on darwin)" generated="20230719 11:18:00.773" rpa="true" schemaversion="3">
<suite id="s1" name="Tasks" source="/Users/trangpham/Desktop/robocorp/pdf-invites-creator-bot/tasks.robot">
<test id="s1-t1" name="Minimal task" line="14">
<kw name="Create PDF invitations">
<kw name="Log" library="BuiltIn">
<arg>Start creation</arg>
<doc>Logs the given message with the given level.</doc>
<msg timestamp="20230719 11:18:00.930" level="INFO">Start creation</msg>
<status status="PASS" starttime="20230719 11:18:00.928" endtime="20230719 11:18:00.932"/>
</kw>
<kw name="Set up directories">
<kw name="Log" library="BuiltIn">
<arg>${OUTPUT_DIR}</arg>
<doc>Logs the given message with the given level.</doc>
<msg timestamp="20230719 11:18:00.937" level="INFO">/Users/trangpham/Desktop/robocorp/pdf-invites-creator-bot</msg>
<status status="PASS" starttime="20230719 11:18:00.935" endtime="20230719 11:18:00.937"/>
</kw>
<kw name="Create Directory" library="RPA.FileSystem">
<arg>${PDF_TEMP_OUTPUT_DIR}</arg>
<doc>Creates a directory and (optionally) non-existing parent directories.</doc>
<status status="PASS" starttime="20230719 11:18:00.938" endtime="20230719 11:18:00.941"/>
</kw>
<kw name="Create Directory" library="RPA.FileSystem">
<arg>${OUTPUT_DIR}</arg>
<doc>Creates a directory and (optionally) non-existing parent directories.</doc>
<status status="PASS" starttime="20230719 11:18:00.942" endtime="20230719 11:18:00.944"/>
</kw>
<status status="PASS" starttime="20230719 11:18:00.933" endtime="20230719 11:18:00.945"/>
</kw>
<kw name="Log" library="BuiltIn">
<arg>Done.</arg>
<doc>Logs the given message with the given level.</doc>
<msg timestamp="20230719 11:18:00.948" level="INFO">Done.</msg>
<status status="PASS" starttime="20230719 11:18:00.946" endtime="20230719 11:18:00.948"/>
</kw>
<kw name="Cleanup PDF temporary directory" type="TEARDOWN">
<kw name="Remove Directory" library="RPA.FileSystem">
<arg>${PDF_TEMP_OUTPUT_DIR}</arg>
<doc>Removes the given directory, and optionally everything it contains.</doc>
<status status="PASS" starttime="20230719 11:18:00.953" endtime="20230719 11:18:00.955"/>
</kw>
<status status="PASS" starttime="20230719 11:18:00.950" endtime="20230719 11:18:00.956"/>
</kw>
<status status="PASS" starttime="20230719 11:18:00.925" endtime="20230719 11:18:00.957"/>
</kw>
<status status="PASS" starttime="20230719 11:18:00.921" endtime="20230719 11:18:00.959"/>
</test>
<doc>Create PDF invitations based on Excel data.</doc>
<status status="PASS" starttime="20230719 11:18:00.788" endtime="20230719 11:18:00.964"/>
</suite>
<statistics>
<total>
<stat pass="1" fail="0" skip="0">All Tasks</stat>
</total>
<tag>
</tag>
<suite>
<stat pass="1" fail="0" skip="0" id="s1" name="Tasks">Tasks</stat>
</suite>
</statistics>
<errors>
</errors>
</robot>
